<<<<<<< HEAD
=======
2014-07-09 16:05:14,500 DEBUG server irc.sammdot.ca
2014-07-09 16:05:14,532 INFO irc.sammdot.ca connected
2014-07-09 16:05:14,532 DEBUG (Thread-1) NICK :circa
2014-07-09 16:05:14,533 DEBUG (Thread-1) USER circa 8 * :sammi
2014-07-09 16:05:14,533 DEBUG (Thread-1) listener irc.sammdot.ca-listen
2014-07-09 16:05:14,534 INFO irc.sammdot.ca connected
2014-07-09 16:05:14,535 DEBUG (irc.sammdot.ca) NICK :circa
2014-07-09 16:05:14,535 DEBUG (irc.sammdot.ca) USER circa 8 * :sammi
2014-07-09 16:05:14,536 DEBUG (irc.sammdot.ca) listener irc.sammdot.ca-listen
2014-07-09 16:05:14,869 INFO irc.awfulnet.org connected
2014-07-09 16:05:14,870 DEBUG (Thread-2) NICK :circa
2014-07-09 16:05:14,870 DEBUG (Thread-2) USER circa 8 * :sammi
2014-07-09 16:05:14,870 DEBUG (Thread-2) listener irc.awfulnet.org-listen
2014-07-09 16:05:15,172 DEBUG (irc.awfulnet.org-listen) handler thread Thread-3 [NOTICE]
2014-07-09 16:05:15,337 DEBUG (irc.awfulnet.org-listen) handler thread Thread-4 [NOTICE]
2014-07-09 16:05:15,471 DEBUG (irc.awfulnet.org-listen) handler thread Thread-5 [PING]
2014-07-09 16:05:15,472 DEBUG (Thread-5) PONG :4B57E287
2014-07-09 16:05:15,607 DEBUG (irc.awfulnet.org-listen) handler thread Thread-6 [PRIVMSG]
2014-07-09 16:05:15,608 DEBUG (irc.awfulnet.org-listen) handler thread Thread-7 [001]
2014-07-09 16:05:15,610 DEBUG (Thread-7) worker thread Thread-8 [registered, <lambda>]
2014-07-09 16:05:15,611 DEBUG (irc.awfulnet.org-listen) handler thread Thread-9 [002]
2014-07-09 16:05:15,617 DEBUG (irc.awfulnet.org-listen) handler thread Thread-10 [003]
2014-07-09 16:05:15,618 DEBUG (Thread-8) UMODE2 :+B
2014-07-09 16:05:15,620 DEBUG (irc.awfulnet.org-listen) handler thread Thread-11 [004]
2014-07-09 16:05:15,627 DEBUG (irc.awfulnet.org-listen) handler thread Thread-12 [005]
2014-07-09 16:05:15,628 DEBUG (irc.awfulnet.org-listen) handler thread Thread-13 [005]
2014-07-09 16:05:15,629 DEBUG (irc.awfulnet.org-listen) handler thread Thread-14 [005]
2014-07-09 16:05:15,651 DEBUG (irc.sammdot.ca-listen) handler thread Thread-15 [PING]
2014-07-09 16:05:15,651 DEBUG (irc.sammdot.ca-listen) handler thread Thread-16 [PING]
2014-07-09 16:05:15,652 DEBUG (irc.sammdot.ca-listen) handler thread Thread-17 [ERROR]
2014-07-09 16:05:15,653 DEBUG (Thread-16) PONG :15353EC5
2014-07-09 16:05:15,654 DEBUG (Thread-15) PONG :B574B57C
2014-07-09 16:05:15,667 DEBUG (irc.sammdot.ca-listen) handler thread Thread-18 [001]
2014-07-09 16:05:15,671 DEBUG (irc.sammdot.ca-listen) handler thread Thread-19 [002]
2014-07-09 16:05:15,675 DEBUG (irc.sammdot.ca-listen) handler thread Thread-20 [003]
2014-07-09 16:05:15,679 DEBUG (irc.sammdot.ca-listen) handler thread Thread-21 [004]
2014-07-09 16:05:15,683 DEBUG (irc.sammdot.ca-listen) handler thread Thread-22 [005]
2014-07-09 16:05:15,687 DEBUG (irc.sammdot.ca-listen) handler thread Thread-23 [005]
2014-07-09 16:05:15,691 DEBUG (irc.sammdot.ca-listen) handler thread Thread-24 [005]
2014-07-09 16:05:15,695 DEBUG (irc.sammdot.ca-listen) handler thread Thread-25 [251]
2014-07-09 16:05:15,703 DEBUG (irc.sammdot.ca-listen) handler thread Thread-26 [254]
2014-07-09 16:05:15,707 DEBUG (irc.sammdot.ca-listen) handler thread Thread-27 [255]
2014-07-09 16:05:15,713 DEBUG (irc.sammdot.ca-listen) handler thread Thread-28 [265]
2014-07-09 16:05:15,723 DEBUG (irc.sammdot.ca-listen) handler thread Thread-29 [266]
2014-07-09 16:05:15,727 DEBUG (irc.sammdot.ca-listen) handler thread Thread-30 [422]
2014-07-09 16:05:15,731 DEBUG (irc.sammdot.ca-listen) handler thread Thread-31 [MODE]
2014-07-09 16:05:15,763 DEBUG (irc.awfulnet.org-listen) handler thread Thread-32 [251]
2014-07-09 16:05:15,772 DEBUG (irc.awfulnet.org-listen) handler thread Thread-33 [252]
2014-07-09 16:05:15,777 DEBUG (irc.awfulnet.org-listen) handler thread Thread-34 [254]
2014-07-09 16:05:15,783 DEBUG (irc.awfulnet.org-listen) handler thread Thread-35 [255]
2014-07-09 16:05:15,787 DEBUG (irc.awfulnet.org-listen) handler thread Thread-36 [265]
2014-07-09 16:05:15,791 DEBUG (irc.awfulnet.org-listen) handler thread Thread-37 [266]
2014-07-09 16:05:15,795 DEBUG (irc.awfulnet.org-listen) handler thread Thread-38 [375]
2014-07-09 16:05:15,799 DEBUG (irc.awfulnet.org-listen) handler thread Thread-39 [372]
2014-07-09 16:05:15,803 DEBUG (irc.awfulnet.org-listen) handler thread Thread-40 [372]
2014-07-09 16:05:15,807 DEBUG (irc.awfulnet.org-listen) handler thread Thread-41 [376]
2014-07-09 16:05:15,811 DEBUG (irc.awfulnet.org-listen) handler thread Thread-42 [MODE]
2014-07-09 16:05:15,812 DEBUG (irc.awfulnet.org-listen) handler thread Thread-43 [NOTICE]
2014-07-09 16:05:15,823 DEBUG (irc.awfulnet.org-listen) handler thread Thread-44 [NOTICE]
2014-07-09 16:05:15,934 DEBUG (irc.awfulnet.org-listen) handler thread Thread-45 [NOTICE]
2014-07-09 16:05:15,942 DEBUG (irc.awfulnet.org-listen) handler thread Thread-46 [MODE]
2014-07-09 16:05:47,196 DEBUG server irc.sammdot.ca
2014-07-09 16:05:47,204 INFO irc.sammdot.ca connected
2014-07-09 16:05:47,205 DEBUG (irc.sammdot.ca) NICK :circa
2014-07-09 16:05:47,205 DEBUG (irc.sammdot.ca) USER circa 8 * :sammi
2014-07-09 16:05:47,206 DEBUG (irc.sammdot.ca) listener irc.sammdot.ca-listen
2014-07-09 16:05:47,207 INFO irc.sammdot.ca connected
2014-07-09 16:05:47,208 DEBUG (Thread-1) NICK :circa
2014-07-09 16:05:47,208 ERROR (irc.sammdot.ca) cannot connect: [Errno 32] Broken pipe
2014-07-09 16:05:47,242 DEBUG (irc.sammdot.ca-listen) handler thread Thread-3 [PING]
2014-07-09 16:05:47,243 DEBUG (irc.sammdot.ca-listen) handler thread Thread-4 [001]
2014-07-09 16:05:47,244 DEBUG (Thread-3) PONG :5BBBFB9
2014-07-09 16:05:47,245 DEBUG (irc.sammdot.ca-listen) handler thread Thread-5 [002]
2014-07-09 16:05:47,246 DEBUG (irc.sammdot.ca-listen) handler thread Thread-6 [003]
2014-07-09 16:05:47,246 DEBUG (irc.sammdot.ca-listen) handler thread Thread-7 [004]
2014-07-09 16:05:47,247 DEBUG (irc.sammdot.ca-listen) handler thread Thread-8 [005]
2014-07-09 16:05:47,248 DEBUG (irc.sammdot.ca-listen) handler thread Thread-9 [005]
2014-07-09 16:05:47,250 DEBUG (irc.sammdot.ca-listen) handler thread Thread-10 [005]
2014-07-09 16:05:47,250 DEBUG (irc.sammdot.ca-listen) handler thread Thread-11 [251]
2014-07-09 16:05:47,283 DEBUG (irc.sammdot.ca-listen) handler thread Thread-12 [254]
2014-07-09 16:05:47,284 DEBUG (irc.sammdot.ca-listen) handler thread Thread-13 [255]
2014-07-09 16:05:47,285 DEBUG (irc.sammdot.ca-listen) handler thread Thread-14 [265]
2014-07-09 16:05:47,289 DEBUG (irc.sammdot.ca-listen) handler thread Thread-15 [266]
2014-07-09 16:05:47,291 DEBUG (irc.sammdot.ca-listen) handler thread Thread-16 [422]
2014-07-09 16:05:47,293 DEBUG (irc.sammdot.ca-listen) handler thread Thread-17 [MODE]
2014-07-09 16:05:47,365 INFO irc.awfulnet.org connected
2014-07-09 16:05:47,365 DEBUG (Thread-2) NICK :circa
2014-07-09 16:05:47,366 DEBUG (Thread-2) USER circa 8 * :sammi
2014-07-09 16:05:47,366 DEBUG (Thread-2) listener irc.awfulnet.org-listen
2014-07-09 16:05:47,488 DEBUG (irc.awfulnet.org-listen) handler thread Thread-18 [NOTICE]
2014-07-09 16:05:47,489 DEBUG (irc.awfulnet.org-listen) handler thread Thread-19 [NOTICE]
2014-07-09 16:05:47,610 DEBUG (irc.awfulnet.org-listen) handler thread Thread-20 [PING]
2014-07-09 16:05:47,611 DEBUG (Thread-20) PONG :C40060F8
2014-07-09 16:05:47,734 DEBUG (irc.awfulnet.org-listen) handler thread Thread-21 [PRIVMSG]
2014-07-09 16:05:47,735 DEBUG (irc.awfulnet.org-listen) handler thread Thread-22 [001]
2014-07-09 16:05:47,735 DEBUG (Thread-22) worker thread Thread-23 [registered, <lambda>]
2014-07-09 16:05:47,736 DEBUG (irc.awfulnet.org-listen) handler thread Thread-24 [002]
2014-07-09 16:05:47,737 DEBUG (irc.awfulnet.org-listen) handler thread Thread-25 [003]
2014-07-09 16:05:47,738 DEBUG (Thread-23) UMODE2 :+B
2014-07-09 16:05:47,738 DEBUG (irc.awfulnet.org-listen) handler thread Thread-26 [004]
2014-07-09 16:05:47,743 DEBUG (irc.awfulnet.org-listen) handler thread Thread-27 [005]
2014-07-09 16:05:47,744 DEBUG (irc.awfulnet.org-listen) handler thread Thread-28 [005]
2014-07-09 16:05:47,745 DEBUG (irc.awfulnet.org-listen) handler thread Thread-29 [005]
2014-07-09 16:05:47,861 DEBUG (irc.awfulnet.org-listen) handler thread Thread-30 [251]
2014-07-09 16:05:47,862 DEBUG (irc.awfulnet.org-listen) handler thread Thread-31 [252]
2014-07-09 16:05:47,863 DEBUG (irc.awfulnet.org-listen) handler thread Thread-32 [254]
2014-07-09 16:05:47,863 DEBUG (irc.awfulnet.org-listen) handler thread Thread-33 [255]
2014-07-09 16:05:47,864 DEBUG (irc.awfulnet.org-listen) handler thread Thread-34 [265]
2014-07-09 16:05:47,865 DEBUG (irc.awfulnet.org-listen) handler thread Thread-35 [266]
2014-07-09 16:05:47,866 DEBUG (irc.awfulnet.org-listen) handler thread Thread-36 [375]
2014-07-09 16:05:47,867 DEBUG (irc.awfulnet.org-listen) handler thread Thread-37 [372]
2014-07-09 16:05:47,868 DEBUG (irc.awfulnet.org-listen) handler thread Thread-38 [372]
2014-07-09 16:05:47,868 DEBUG (irc.awfulnet.org-listen) handler thread Thread-39 [376]
2014-07-09 16:05:47,869 DEBUG (irc.awfulnet.org-listen) handler thread Thread-40 [MODE]
2014-07-09 16:05:47,870 DEBUG (irc.awfulnet.org-listen) handler thread Thread-41 [NOTICE]
2014-07-09 16:05:47,871 DEBUG (irc.awfulnet.org-listen) handler thread Thread-42 [NOTICE]
2014-07-09 16:05:48,021 DEBUG (irc.awfulnet.org-listen) handler thread Thread-43 [NOTICE]
2014-07-09 16:05:48,022 DEBUG (irc.awfulnet.org-listen) handler thread Thread-44 [MODE]
2014-07-09 16:07:07,638 DEBUG server irc.sammdot.ca
2014-07-09 16:07:07,639 INFO irc.sammdot.ca connected
2014-07-09 16:07:07,640 DEBUG (Thread-1) NICK :circa
2014-07-09 16:07:07,641 DEBUG (Thread-1) USER circa 8 * :sammi
2014-07-09 16:07:07,641 DEBUG (Thread-1) listener irc.sammdot.ca-listen
2014-07-09 16:07:07,642 INFO irc.sammdot.ca connected
2014-07-09 16:07:07,643 DEBUG (irc.sammdot.ca) NICK :circa
2014-07-09 16:07:07,644 DEBUG (irc.sammdot.ca) USER circa 8 * :sammi
2014-07-09 16:07:07,644 DEBUG (irc.sammdot.ca) listener irc.sammdot.ca-listen
2014-07-09 16:07:07,679 DEBUG (irc.sammdot.ca-listen) handler thread Thread-3 [PING]
2014-07-09 16:07:07,680 DEBUG (irc.sammdot.ca-listen) handler thread Thread-4 [001]
2014-07-09 16:07:07,681 DEBUG (irc.sammdot.ca-listen) handler thread Thread-5 [433]
2014-07-09 16:07:07,682 DEBUG (Thread-3) PONG :3EB3C0A
2014-07-09 16:07:07,683 DEBUG (Thread-5) NICK :circa_
2014-07-09 16:07:07,684 DEBUG (irc.sammdot.ca-listen) handler thread Thread-7 [002]
2014-07-09 16:07:07,683 DEBUG (Thread-4) worker thread Thread-6 [registered, <lambda>]
2014-07-09 16:07:07,685 DEBUG (irc.sammdot.ca-listen) handler thread Thread-8 [003]
2014-07-09 16:07:07,686 DEBUG (Thread-6) UMODE2 :+B
2014-07-09 16:07:07,686 DEBUG (Thread-6) PRIVMSG groupserv :join !bots
2014-07-09 16:07:07,687 DEBUG (irc.sammdot.ca-listen) handler thread Thread-9 [004]
2014-07-09 16:07:07,688 DEBUG (irc.sammdot.ca-listen) handler thread Thread-10 [005]
2014-07-09 16:07:07,695 DEBUG (irc.sammdot.ca-listen) handler thread Thread-11 [005]
2014-07-09 16:07:07,697 DEBUG (irc.sammdot.ca-listen) handler thread Thread-12 [005]
2014-07-09 16:07:07,697 DEBUG (irc.sammdot.ca-listen) handler thread Thread-13 [251]
2014-07-09 16:07:07,698 DEBUG (irc.sammdot.ca-listen) handler thread Thread-14 [253]
2014-07-09 16:07:07,701 DEBUG (irc.sammdot.ca-listen) handler thread Thread-15 [254]
2014-07-09 16:07:07,702 DEBUG (irc.sammdot.ca-listen) handler thread Thread-16 [255]
2014-07-09 16:07:07,703 DEBUG (irc.sammdot.ca-listen) handler thread Thread-17 [265]
2014-07-09 16:07:07,704 DEBUG (irc.sammdot.ca-listen) handler thread Thread-18 [266]
2014-07-09 16:07:07,705 DEBUG (irc.sammdot.ca-listen) handler thread Thread-19 [422]
2014-07-09 16:07:07,706 DEBUG (irc.sammdot.ca-listen) handler thread Thread-20 [MODE]
2014-07-09 16:07:07,714 DEBUG (irc.sammdot.ca-listen) handler thread Thread-21 [PING]
2014-07-09 16:07:07,715 DEBUG (Thread-21) PONG :698C18B4
2014-07-09 16:07:07,753 DEBUG (irc.sammdot.ca-listen) handler thread Thread-22 [NOTICE]
2014-07-09 16:07:07,754 DEBUG (irc.sammdot.ca-listen) handler thread Thread-23 [001]
2014-07-09 16:07:07,755 DEBUG (irc.sammdot.ca-listen) handler thread Thread-24 [MODE]
2014-07-09 16:07:07,756 DEBUG (irc.sammdot.ca-listen) handler thread Thread-25 [002]
2014-07-09 16:07:07,757 DEBUG (irc.sammdot.ca-listen) handler thread Thread-26 [401]
2014-07-09 16:07:07,758 DEBUG (irc.sammdot.ca-listen) handler thread Thread-27 [003]
2014-07-09 16:07:07,759 DEBUG (irc.sammdot.ca-listen) handler thread Thread-28 [004]
2014-07-09 16:07:07,760 DEBUG (irc.sammdot.ca-listen) handler thread Thread-29 [005]
2014-07-09 16:07:07,761 DEBUG (irc.sammdot.ca-listen) handler thread Thread-30 [005]
2014-07-09 16:07:07,762 DEBUG (irc.sammdot.ca-listen) handler thread Thread-31 [005]
2014-07-09 16:07:07,763 DEBUG (irc.sammdot.ca-listen) handler thread Thread-32 [251]
2014-07-09 16:07:07,791 DEBUG (irc.sammdot.ca-listen) handler thread Thread-33 [254]
2014-07-09 16:07:07,792 DEBUG (irc.sammdot.ca-listen) handler thread Thread-34 [255]
2014-07-09 16:07:07,793 DEBUG (irc.sammdot.ca-listen) handler thread Thread-35 [265]
2014-07-09 16:07:07,794 DEBUG (irc.sammdot.ca-listen) handler thread Thread-36 [266]
2014-07-09 16:07:07,795 DEBUG (irc.sammdot.ca-listen) handler thread Thread-37 [422]
2014-07-09 16:07:07,796 DEBUG (irc.sammdot.ca-listen) handler thread Thread-38 [MODE]
2014-07-09 16:07:07,804 INFO irc.awfulnet.org connected
2014-07-09 16:07:07,805 DEBUG (Thread-2) NICK :circa
2014-07-09 16:07:07,805 DEBUG (Thread-2) USER circa 8 * :sammi
2014-07-09 16:07:07,806 DEBUG (Thread-2) listener irc.awfulnet.org-listen
2014-07-09 16:07:07,931 DEBUG (irc.awfulnet.org-listen) handler thread Thread-39 [NOTICE]
2014-07-09 16:07:07,932 DEBUG (irc.awfulnet.org-listen) handler thread Thread-40 [NOTICE]
2014-07-09 16:07:08,934 DEBUG (irc.awfulnet.org-listen) handler thread Thread-41 [PING]
2014-07-09 16:07:08,934 DEBUG (Thread-41) PONG :73BB9F27
2014-07-09 16:07:09,061 DEBUG (irc.awfulnet.org-listen) handler thread Thread-42 [PRIVMSG]
2014-07-09 16:07:09,062 DEBUG (irc.awfulnet.org-listen) handler thread Thread-43 [001]
2014-07-09 16:07:09,062 DEBUG (Thread-43) worker thread Thread-44 [registered, <lambda>]
2014-07-09 16:07:09,063 DEBUG (irc.awfulnet.org-listen) handler thread Thread-45 [002]
2014-07-09 16:07:09,064 DEBUG (irc.awfulnet.org-listen) handler thread Thread-46 [003]
2014-07-09 16:07:09,065 DEBUG (irc.awfulnet.org-listen) handler thread Thread-47 [004]
2014-07-09 16:07:09,065 DEBUG (Thread-44) UMODE2 :+B
2014-07-09 16:07:09,066 DEBUG (Thread-44) PRIVMSG groupserv :join !bots
2014-07-09 16:07:09,067 DEBUG (irc.awfulnet.org-listen) handler thread Thread-48 [005]
2014-07-09 16:07:09,068 DEBUG (irc.awfulnet.org-listen) handler thread Thread-49 [005]
2014-07-09 16:07:09,069 DEBUG (irc.awfulnet.org-listen) handler thread Thread-50 [005]
2014-07-09 16:07:09,192 DEBUG (irc.awfulnet.org-listen) handler thread Thread-51 [251]
2014-07-09 16:07:09,193 DEBUG (irc.awfulnet.org-listen) handler thread Thread-52 [252]
2014-07-09 16:07:09,194 DEBUG (irc.awfulnet.org-listen) handler thread Thread-53 [254]
2014-07-09 16:07:09,195 DEBUG (irc.awfulnet.org-listen) handler thread Thread-54 [255]
2014-07-09 16:07:09,196 DEBUG (irc.awfulnet.org-listen) handler thread Thread-55 [265]
2014-07-09 16:07:09,196 DEBUG (irc.awfulnet.org-listen) handler thread Thread-56 [266]
2014-07-09 16:07:09,197 DEBUG (irc.awfulnet.org-listen) handler thread Thread-57 [375]
2014-07-09 16:07:09,198 DEBUG (irc.awfulnet.org-listen) handler thread Thread-58 [372]
2014-07-09 16:07:09,199 DEBUG (irc.awfulnet.org-listen) handler thread Thread-59 [372]
2014-07-09 16:07:09,200 DEBUG (irc.awfulnet.org-listen) handler thread Thread-60 [376]
2014-07-09 16:07:09,201 DEBUG (irc.awfulnet.org-listen) handler thread Thread-61 [MODE]
2014-07-09 16:07:09,202 DEBUG (irc.awfulnet.org-listen) handler thread Thread-62 [NOTICE]
2014-07-09 16:07:09,203 DEBUG (irc.awfulnet.org-listen) handler thread Thread-63 [NOTICE]
2014-07-09 16:07:09,319 DEBUG (irc.awfulnet.org-listen) handler thread Thread-64 [NOTICE]
2014-07-09 16:07:09,319 DEBUG (irc.awfulnet.org-listen) handler thread Thread-65 [MODE]
2014-07-09 16:07:09,482 DEBUG (irc.awfulnet.org-listen) handler thread Thread-66 [NOTICE]
2014-07-09 16:07:17,331 DEBUG (irc.awfulnet.org-listen) handler thread Thread-67 [NOTICE]
2014-07-09 16:08:38,376 DEBUG (irc.awfulnet.org-listen) handler thread Thread-68 [NOTICE]
2014-07-09 16:08:46,816 DEBUG (irc.sammdot.ca-listen) handler thread Thread-69 [PING]
2014-07-09 16:08:46,817 DEBUG (irc.sammdot.ca-listen) handler thread Thread-70 [PING]
2014-07-09 16:08:46,817 DEBUG (Thread-70) PONG :irc.sammdot.ca
2014-07-09 16:08:46,818 DEBUG (Thread-69) PONG :irc.sammdot.ca
2014-07-09 16:08:47,920 DEBUG (irc.awfulnet.org-listen) handler thread Thread-71 [PING]
2014-07-09 16:08:47,921 DEBUG (Thread-71) PONG :octopus.awfulnet.org
2014-07-09 16:10:02,709 DEBUG server irc.sammdot.ca
2014-07-09 16:10:02,730 INFO irc.sammdot.ca connected
2014-07-09 16:10:02,730 DEBUG (irc.sammdot.ca) NICK :circa
2014-07-09 16:10:02,737 DEBUG (irc.sammdot.ca) USER circa 8 * :sammi
2014-07-09 16:10:02,738 DEBUG (irc.sammdot.ca) listener irc.sammdot.ca-listen
2014-07-09 16:10:02,769 DEBUG (irc.sammdot.ca-listen) handler thread Thread-3 [PING]
2014-07-09 16:10:02,769 DEBUG (Thread-3) PONG :C6862886
2014-07-09 16:10:03,770 DEBUG (irc.sammdot.ca-listen) handler thread Thread-4 [001]
2014-07-09 16:10:03,770 DEBUG (irc.sammdot.ca-listen) handler thread Thread-5 [002]
2014-07-09 16:10:03,771 DEBUG (irc.sammdot.ca-listen) handler thread Thread-6 [003]
2014-07-09 16:10:03,772 DEBUG (irc.sammdot.ca-listen) handler thread Thread-7 [004]
2014-07-09 16:10:03,773 DEBUG (irc.sammdot.ca-listen) handler thread Thread-8 [005]
2014-07-09 16:10:03,774 DEBUG (irc.sammdot.ca-listen) handler thread Thread-9 [005]
2014-07-09 16:10:03,775 DEBUG (irc.sammdot.ca-listen) handler thread Thread-10 [005]
2014-07-09 16:10:03,776 DEBUG (irc.sammdot.ca-listen) handler thread Thread-11 [251]
2014-07-09 16:10:03,807 DEBUG (irc.sammdot.ca-listen) handler thread Thread-12 [254]
2014-07-09 16:10:03,808 DEBUG (irc.sammdot.ca-listen) handler thread Thread-13 [255]
2014-07-09 16:10:03,809 DEBUG (irc.sammdot.ca-listen) handler thread Thread-14 [265]
2014-07-09 16:10:03,810 DEBUG (irc.sammdot.ca-listen) handler thread Thread-15 [266]
2014-07-09 16:10:03,811 DEBUG (irc.sammdot.ca-listen) handler thread Thread-16 [422]
2014-07-09 16:10:03,811 DEBUG (irc.sammdot.ca-listen) handler thread Thread-17 [MODE]
2014-07-09 16:10:08,896 DEBUG server irc.sammdot.ca
2014-07-09 16:10:08,904 INFO irc.sammdot.ca connected
2014-07-09 16:10:08,904 DEBUG (irc.sammdot.ca) NICK :circa
2014-07-09 16:10:08,905 DEBUG (irc.sammdot.ca) USER circa 8 * :sammi
2014-07-09 16:10:08,906 DEBUG (irc.sammdot.ca) listener irc.sammdot.ca-listen
2014-07-09 16:10:08,907 INFO irc.sammdot.ca connected
2014-07-09 16:10:08,907 DEBUG (Thread-1) NICK :circa
2014-07-09 16:10:08,908 DEBUG (Thread-1) USER circa 8 * :sammi
2014-07-09 16:10:08,908 DEBUG (Thread-1) listener irc.sammdot.ca-listen
2014-07-09 16:10:08,942 DEBUG (irc.sammdot.ca-listen) handler thread Thread-3 [PING]
2014-07-09 16:10:08,943 DEBUG (irc.sammdot.ca-listen) handler thread Thread-4 [001]
2014-07-09 16:10:08,943 DEBUG (Thread-3) PONG :3892534E
2014-07-09 16:10:08,944 DEBUG (irc.sammdot.ca-listen) handler thread Thread-5 [433]
2014-07-09 16:10:08,945 DEBUG (Thread-5) NICK :circa_
2014-07-09 16:10:08,946 DEBUG (irc.sammdot.ca-listen) handler thread Thread-6 [002]
2014-07-09 16:10:08,947 DEBUG (irc.sammdot.ca-listen) handler thread Thread-7 [003]
2014-07-09 16:10:08,948 DEBUG (irc.sammdot.ca-listen) handler thread Thread-8 [004]
2014-07-09 16:10:08,949 DEBUG (irc.sammdot.ca-listen) handler thread Thread-9 [005]
2014-07-09 16:10:08,950 DEBUG (irc.sammdot.ca-listen) handler thread Thread-10 [005]
2014-07-09 16:10:08,951 DEBUG (irc.sammdot.ca-listen) handler thread Thread-11 [005]
2014-07-09 16:10:08,952 DEBUG (irc.sammdot.ca-listen) handler thread Thread-12 [251]
2014-07-09 16:10:08,979 DEBUG (irc.sammdot.ca-listen) handler thread Thread-13 [253]
2014-07-09 16:10:08,980 DEBUG (irc.sammdot.ca-listen) handler thread Thread-14 [254]
2014-07-09 16:10:08,981 DEBUG (irc.sammdot.ca-listen) handler thread Thread-15 [255]
2014-07-09 16:10:08,982 DEBUG (irc.sammdot.ca-listen) handler thread Thread-16 [265]
2014-07-09 16:10:08,983 DEBUG (irc.sammdot.ca-listen) handler thread Thread-17 [266]
2014-07-09 16:10:08,983 DEBUG (irc.sammdot.ca-listen) handler thread Thread-18 [422]
2014-07-09 16:10:08,984 DEBUG (irc.sammdot.ca-listen) handler thread Thread-19 [MODE]
2014-07-09 16:10:09,069 INFO irc.awfulnet.org connected
2014-07-09 16:10:09,070 DEBUG (Thread-2) NICK :circa
2014-07-09 16:10:09,071 DEBUG (Thread-2) USER circa 8 * :sammi
2014-07-09 16:10:09,071 DEBUG (Thread-2) listener irc.awfulnet.org-listen
2014-07-09 16:10:09,192 DEBUG (irc.awfulnet.org-listen) handler thread Thread-20 [NOTICE]
2014-07-09 16:10:09,192 DEBUG (irc.awfulnet.org-listen) handler thread Thread-21 [NOTICE]
2014-07-09 16:10:09,313 DEBUG (irc.awfulnet.org-listen) handler thread Thread-22 [432]
2014-07-09 16:10:09,945 DEBUG (irc.sammdot.ca-listen) handler thread Thread-23 [PING]
2014-07-09 16:10:09,946 DEBUG (Thread-23) PONG :C48318C9
2014-07-09 16:10:09,947 DEBUG (irc.sammdot.ca-listen) handler thread Thread-24 [001]
2014-07-09 16:10:09,948 DEBUG (Thread-24) worker thread Thread-25 [registered, onreg]
2014-07-09 16:10:09,948 DEBUG (irc.sammdot.ca-listen) handler thread Thread-26 [002]
2014-07-09 16:10:09,949 DEBUG (irc.sammdot.ca-listen) handler thread Thread-27 [003]
2014-07-09 16:10:09,950 DEBUG (Thread-25) UMODE2 :+B
2014-07-09 16:10:09,951 DEBUG (Thread-25) PRIVMSG GroupServ :join !bots
2014-07-09 16:10:09,951 DEBUG (irc.sammdot.ca-listen) handler thread Thread-28 [004]
2014-07-09 16:10:09,952 DEBUG (Thread-25) JOIN :#circa
2014-07-09 16:10:09,953 DEBUG (irc.sammdot.ca-listen) handler thread Thread-29 [005]
2014-07-09 16:10:09,954 DEBUG (irc.sammdot.ca-listen) handler thread Thread-30 [005]
2014-07-09 16:10:09,955 DEBUG (irc.sammdot.ca-listen) handler thread Thread-31 [005]
2014-07-09 16:10:09,956 DEBUG (irc.sammdot.ca-listen) handler thread Thread-32 [251]
2014-07-09 16:10:09,957 DEBUG (irc.sammdot.ca-listen) handler thread Thread-33 [254]
2014-07-09 16:10:09,958 DEBUG (irc.sammdot.ca-listen) handler thread Thread-34 [255]
2014-07-09 16:10:09,959 DEBUG (irc.sammdot.ca-listen) handler thread Thread-35 [265]
2014-07-09 16:10:09,959 DEBUG (irc.sammdot.ca-listen) handler thread Thread-36 [266]
2014-07-09 16:10:09,960 DEBUG (irc.sammdot.ca-listen) handler thread Thread-37 [422]
2014-07-09 16:10:09,961 DEBUG (irc.sammdot.ca-listen) handler thread Thread-38 [MODE]
2014-07-09 16:10:09,962 DEBUG (irc.sammdot.ca-listen) handler thread Thread-39 [NOTICE]
2014-07-09 16:10:09,963 DEBUG (irc.sammdot.ca-listen) handler thread Thread-40 [MODE]
2014-07-09 16:10:09,964 DEBUG (irc.sammdot.ca-listen) handler thread Thread-41 [401]
2014-07-09 16:10:09,998 DEBUG (irc.sammdot.ca-listen) handler thread Thread-42 [JOIN]
2014-07-09 16:10:09,998 DEBUG (irc.sammdot.ca-listen) handler thread Thread-43 [353]
2014-07-09 16:10:10,002 DEBUG (irc.sammdot.ca-listen) handler thread Thread-44 [366]
2014-07-09 16:10:50,066 DEBUG (irc.awfulnet.org-listen) handler thread Thread-45 [ERROR]
>>>>>>> e86bae9... turn ChannelList into dict
